# JRE version: OpenJDK Runtime Environment (8.0_212-b04) (build 1.8.0_212-release-1586-b04)
# Java VM: OpenJDK 64-Bit Server VM (25.212-b04 mixed mode windows-amd64 compressed oops)
Heap:
 PSYoungGen      total 237056K, used 218418K [0x00000000e0000000, 0x00000000f1f80000, 0x0000000100000000)
  eden space 211968K, 98% used [0x00000000e0000000,0x00000000ecba8990,0x00000000ecf00000)
  from space 25088K, 39% used [0x00000000ecf00000,0x00000000ed8a4060,0x00000000ee780000)
  to   space 24064K, 0% used [0x00000000f0800000,0x00000000f0800000,0x00000000f1f80000)
 ParOldGen       total 145408K, used 65893K [0x00000000a0000000, 0x00000000a8e00000, 0x00000000e0000000)
  object space 145408K, 45% used [0x00000000a0000000,0x00000000a4059550,0x00000000a8e00000)
 Metaspace       used 69457K, capacity 73534K, committed 73688K, reserved 1112064K
  class space    used 9180K, capacity 10181K, committed 10240K, reserved 1048576K
GC Heap History (10 events):
Event: 10.888 GC heap before
{Heap before GC invocations=14 (full 2):
 PSYoungGen      total 160256K, used 152840K [0x00000000e0000000, 0x00000000ed180000, 0x0000000100000000)
  eden space 145920K, 95% used [0x00000000e0000000,0x00000000e8764278,0x00000000e8e80000)
  from space 14336K, 99% used [0x00000000e8e80000,0x00000000e9c5e080,0x00000000e9c80000)
  to   space 15872K, 0% used [0x00000000ec200000,0x00000000ec200000,0x00000000ed180000)
 ParOldGen       total 88576K, used 25239K [0x00000000a0000000, 0x00000000a5680000, 0x00000000e0000000)
  object space 88576K, 28% used [0x00000000a0000000,0x00000000a18a5f78,0x00000000a5680000)
 Metaspace       used 56627K, capacity 58944K, committed 59028K, reserved 1099776K
  class space    used 7683K, capacity 8390K, committed 8448K, reserved 1048576K
Event: 10.906 GC heap after
Heap after GC invocations=14 (full 2):
 PSYoungGen      total 193024K, used 15860K [0x00000000e0000000, 0x00000000ee200000, 0x0000000100000000)
  eden space 177152K, 0% used [0x00000000e0000000,0x00000000e0000000,0x00000000ead00000)
  from space 15872K, 99% used [0x00000000ec200000,0x00000000ed17d3f0,0x00000000ed180000)
  to   space 21504K, 0% used [0x00000000ead00000,0x00000000ead00000,0x00000000ec200000)
 ParOldGen       total 88576K, used 34766K [0x00000000a0000000, 0x00000000a5680000, 0x00000000e0000000)
  object space 88576K, 39% used [0x00000000a0000000,0x00000000a21f3af8,0x00000000a5680000)
 Metaspace       used 56627K, capacity 58944K, committed 59028K, reserved 1099776K
  class space    used 7683K, capacity 8390K, committed 8448K, reserved 1048576K
}
Event: 10.906 GC heap before
{Heap before GC invocations=15 (full 3):
 PSYoungGen      total 193024K, used 15860K [0x00000000e0000000, 0x00000000ee200000, 0x0000000100000000)
  eden space 177152K, 0% used [0x00000000e0000000,0x00000000e0000000,0x00000000ead00000)
  from space 15872K, 99% used [0x00000000ec200000,0x00000000ed17d3f0,0x00000000ed180000)
  to   space 21504K, 0% used [0x00000000ead00000,0x00000000ead00000,0x00000000ec200000)
 ParOldGen       total 88576K, used 34766K [0x00000000a0000000, 0x00000000a5680000, 0x00000000e0000000)
  object space 88576K, 39% used [0x00000000a0000000,0x00000000a21f3af8,0x00000000a5680000)
 Metaspace       used 56627K, capacity 58944K, committed 59028K, reserved 1099776K
  class space    used 7683K, capacity 8390K, committed 8448K, reserved 1048576K
Event: 11.091 GC heap after
Heap after GC invocations=15 (full 3):
 PSYoungGen      total 193024K, used 0K [0x00000000e0000000, 0x00000000ee200000, 0x0000000100000000)
  eden space 177152K, 0% used [0x00000000e0000000,0x00000000e0000000,0x00000000ead00000)
  from space 15872K, 0% used [0x00000000ec200000,0x00000000ec200000,0x00000000ed180000)
  to   space 21504K, 0% used [0x00000000ead00000,0x00000000ead00000,0x00000000ec200000)
 ParOldGen       total 145408K, used 46384K [0x00000000a0000000, 0x00000000a8e00000, 0x00000000e0000000)
  object space 145408K, 31% used [0x00000000a0000000,0x00000000a2d4c0b8,0x00000000a8e00000)
 Metaspace       used 56627K, capacity 58944K, committed 59028K, reserved 1099776K
  class space    used 7683K, capacity 8390K, committed 8448K, reserved 1048576K
}
Event: 12.673 GC heap before
{Heap before GC invocations=16 (full 3):
 PSYoungGen      total 193024K, used 177152K [0x00000000e0000000, 0x00000000ee200000, 0x0000000100000000)
  eden space 177152K, 100% used [0x00000000e0000000,0x00000000ead00000,0x00000000ead00000)
  from space 15872K, 0% used [0x00000000ec200000,0x00000000ec200000,0x00000000ed180000)
  to   space 21504K, 0% used [0x00000000ead00000,0x00000000ead00000,0x00000000ec200000)
 ParOldGen       total 145408K, used 46384K [0x00000000a0000000, 0x00000000a8e00000, 0x00000000e0000000)
  object space 145408K, 31% used [0x00000000a0000000,0x00000000a2d4c0b8,0x00000000a8e00000)
 Metaspace       used 62045K, capacity 65036K, committed 65112K, reserved 1105920K
  class space    used 8461K, capacity 9313K, committed 9344K, reserved 1048576K
Event: 12.694 GC heap after
Heap after GC invocations=16 (full 3):
 PSYoungGen      total 198656K, used 21476K [0x00000000e0000000, 0x00000000f0500000, 0x0000000100000000)
  eden space 177152K, 0% used [0x00000000e0000000,0x00000000e0000000,0x00000000ead00000)
  from space 21504K, 99% used [0x00000000ead00000,0x00000000ec1f9020,0x00000000ec200000)
  to   space 24576K, 0% used [0x00000000eed00000,0x00000000eed00000,0x00000000f0500000)
 ParOldGen       total 145408K, used 47148K [0x00000000a0000000, 0x00000000a8e00000, 0x00000000e0000000)
  object space 145408K, 32% used [0x00000000a0000000,0x00000000a2e0b2b0,0x00000000a8e00000)
 Metaspace       used 62045K, capacity 65036K, committed 65112K, reserved 1105920K
  class space    used 8461K, capacity 9313K, committed 9344K, reserved 1048576K
}
Event: 44.269 GC heap before
{Heap before GC invocations=17 (full 3):
 PSYoungGen      total 198656K, used 198628K [0x00000000e0000000, 0x00000000f0500000, 0x0000000100000000)
  eden space 177152K, 100% used [0x00000000e0000000,0x00000000ead00000,0x00000000ead00000)
  from space 21504K, 99% used [0x00000000ead00000,0x00000000ec1f9020,0x00000000ec200000)
  to   space 24576K, 0% used [0x00000000eed00000,0x00000000eed00000,0x00000000f0500000)
 ParOldGen       total 145408K, used 47148K [0x00000000a0000000, 0x00000000a8e00000, 0x00000000e0000000)
  object space 145408K, 32% used [0x00000000a0000000,0x00000000a2e0b2b0,0x00000000a8e00000)
 Metaspace       used 67878K, capacity 71218K, committed 71384K, reserved 1110016K
  class space    used 9056K, capacity 9963K, committed 9984K, reserved 1048576K
Event: 44.313 GC heap after
Heap after GC invocations=17 (full 3):
 PSYoungGen      total 231424K, used 16200K [0x00000000e0000000, 0x00000000f0000000, 0x0000000100000000)
  eden space 211968K, 0% used [0x00000000e0000000,0x00000000e0000000,0x00000000ecf00000)
  from space 19456K, 83% used [0x00000000eed00000,0x00000000efcd2260,0x00000000f0000000)
  to   space 25088K, 0% used [0x00000000ecf00000,0x00000000ecf00000,0x00000000ee780000)
 ParOldGen       total 145408K, used 65885K [0x00000000a0000000, 0x00000000a8e00000, 0x00000000e0000000)
  object space 145408K, 45% used [0x00000000a0000000,0x00000000a4057550,0x00000000a8e00000)
 Metaspace       used 67878K, capacity 71218K, committed 71384K, reserved 1110016K
  class space    used 9056K, capacity 9963K, committed 9984K, reserved 1048576K
}
Event: 73.847 GC heap before
{Heap before GC invocations=18 (full 3):
 PSYoungGen      total 231424K, used 228168K [0x00000000e0000000, 0x00000000f0000000, 0x0000000100000000)
  eden space 211968K, 100% used [0x00000000e0000000,0x00000000ecf00000,0x00000000ecf00000)
  from space 19456K, 83% used [0x00000000eed00000,0x00000000efcd2260,0x00000000f0000000)
  to   space 25088K, 0% used [0x00000000ecf00000,0x00000000ecf00000,0x00000000ee780000)
 ParOldGen       total 145408K, used 65885K [0x00000000a0000000, 0x00000000a8e00000, 0x00000000e0000000)
  object space 145408K, 45% used [0x00000000a0000000,0x00000000a4057550,0x00000000a8e00000)
 Metaspace       used 69045K, capacity 73108K, committed 73432K, reserved 1112064K
  class space    used 9169K, capacity 10166K, committed 10240K, reserved 1048576K
Event: 73.856 GC heap after
Heap after GC invocations=18 (full 3):
 PSYoungGen      total 237056K, used 9872K [0x00000000e0000000, 0x00000000f1f80000, 0x0000000100000000)
  eden space 211968K, 0% used [0x00000000e0000000,0x00000000e0000000,0x00000000ecf00000)
  from space 25088K, 39% used [0x00000000ecf00000,0x00000000ed8a4060,0x00000000ee780000)
  to   space 24064K, 0% used [0x00000000f0800000,0x00000000f0800000,0x00000000f1f80000)
 ParOldGen       total 145408K, used 65893K [0x00000000a0000000, 0x00000000a8e00000, 0x00000000e0000000)
  object space 145408K, 45% used [0x00000000a0000000,0x00000000a4059550,0x00000000a8e00000)
 Metaspace       used 69045K, capacity 73108K, committed 73432K, reserved 1112064K
  class space    used 9169K, capacity 10166K, committed 10240K, reserved 1048576K
}

